# JRE version: OpenJDK Runtime Environment (8.0_152-b02) (build 1.8.0_152-release-1024-b02)
# Java VM: OpenJDK 64-Bit Server VM (25.152-b02 mixed mode windows-amd64 compressed oops)
Heap:
 PSYoungGen      total 113664K, used 111006K [0x00000000e0000000, 0x00000000e8300000, 0x0000000100000000)
  eden space 96768K, 100% used [0x00000000e0000000,0x00000000e5e80000,0x00000000e5e80000)
  from space 16896K, 84% used [0x00000000e7080000,0x00000000e7e67af0,0x00000000e8100000)
  to   space 18432K, 1% used [0x00000000e5e80000,0x00000000e5ed8000,0x00000000e7080000)
 ParOldGen       total 96256K, used 32968K [0x00000000a0000000, 0x00000000a5e00000, 0x00000000e0000000)
  object space 96256K, 34% used [0x00000000a0000000,0x00000000a20320e8,0x00000000a5e00000)
 Metaspace       used 67915K, capacity 70482K, committed 70744K, reserved 1110016K
  class space    used 8956K, capacity 9577K, committed 9600K, reserved 1048576K
GC Heap History (10 events):
Event: 239.416 GC heap before
{Heap before GC invocations=21 (full 2):
 PSYoungGen      total 93184K, used 78164K [0x00000000e0000000, 0x00000000e6b00000, 0x0000000100000000)
  eden space 77824K, 88% used [0x00000000e0000000,0x00000000e435c260,0x00000000e4c00000)
  from space 15360K, 59% used [0x00000000e5c00000,0x00000000e64f8ff8,0x00000000e6b00000)
  to   space 15872K, 0% used [0x00000000e4c00000,0x00000000e4c00000,0x00000000e5b80000)
 ParOldGen       total 59904K, used 28483K [0x00000000a0000000, 0x00000000a3a80000, 0x00000000e0000000)
  object space 59904K, 47% used [0x00000000a0000000,0x00000000a1bd0dc0,0x00000000a3a80000)
 Metaspace       used 57057K, capacity 58882K, committed 59028K, reserved 1099776K
  class space    used 7626K, capacity 8078K, committed 8192K, reserved 1048576K
Event: 239.965 GC heap after
Heap after GC invocations=21 (full 2):
 PSYoungGen      total 93696K, used 14503K [0x00000000e0000000, 0x00000000e7900000, 0x0000000100000000)
  eden space 77824K, 0% used [0x00000000e0000000,0x00000000e0000000,0x00000000e4c00000)
  from space 15872K, 91% used [0x00000000e4c00000,0x00000000e5a29ee0,0x00000000e5b80000)
  to   space 17408K, 0% used [0x00000000e6800000,0x00000000e6800000,0x00000000e7900000)
 ParOldGen       total 59904K, used 28491K [0x00000000a0000000, 0x00000000a3a80000, 0x00000000e0000000)
  object space 59904K, 47% used [0x00000000a0000000,0x00000000a1bd2dc0,0x00000000a3a80000)
 Metaspace       used 57057K, capacity 58882K, committed 59028K, reserved 1099776K
  class space    used 7626K, capacity 8078K, committed 8192K, reserved 1048576K
}
Event: 239.966 GC heap before
{Heap before GC invocations=22 (full 3):
 PSYoungGen      total 93696K, used 14503K [0x00000000e0000000, 0x00000000e7900000, 0x0000000100000000)
  eden space 77824K, 0% used [0x00000000e0000000,0x00000000e0000000,0x00000000e4c00000)
  from space 15872K, 91% used [0x00000000e4c00000,0x00000000e5a29ee0,0x00000000e5b80000)
  to   space 17408K, 0% used [0x00000000e6800000,0x00000000e6800000,0x00000000e7900000)
 ParOldGen       total 59904K, used 28491K [0x00000000a0000000, 0x00000000a3a80000, 0x00000000e0000000)
  object space 59904K, 47% used [0x00000000a0000000,0x00000000a1bd2dc0,0x00000000a3a80000)
 Metaspace       used 57057K, capacity 58882K, committed 59028K, reserved 1099776K
  class space    used 7626K, capacity 8078K, committed 8192K, reserved 1048576K
Event: 242.728 GC heap after
Heap after GC invocations=22 (full 3):
 PSYoungGen      total 93696K, used 0K [0x00000000e0000000, 0x00000000e7900000, 0x0000000100000000)
  eden space 77824K, 0% used [0x00000000e0000000,0x00000000e0000000,0x00000000e4c00000)
  from space 15872K, 0% used [0x00000000e4c00000,0x00000000e4c00000,0x00000000e5b80000)
  to   space 17408K, 0% used [0x00000000e6800000,0x00000000e6800000,0x00000000e7900000)
 ParOldGen       total 96256K, used 32944K [0x00000000a0000000, 0x00000000a5e00000, 0x00000000e0000000)
  object space 96256K, 34% used [0x00000000a0000000,0x00000000a202c0e8,0x00000000a5e00000)
 Metaspace       used 57057K, capacity 58882K, committed 59028K, reserved 1099776K
  class space    used 7626K, capacity 8078K, committed 8192K, reserved 1048576K
}
Event: 252.265 GC heap before
{Heap before GC invocations=23 (full 3):
 PSYoungGen      total 93696K, used 77824K [0x00000000e0000000, 0x00000000e7900000, 0x0000000100000000)
  eden space 77824K, 100% used [0x00000000e0000000,0x00000000e4c00000,0x00000000e4c00000)
  from space 15872K, 0% used [0x00000000e4c00000,0x00000000e4c00000,0x00000000e5b80000)
  to   space 17408K, 0% used [0x00000000e6800000,0x00000000e6800000,0x00000000e7900000)
 ParOldGen       total 96256K, used 32944K [0x00000000a0000000, 0x00000000a5e00000, 0x00000000e0000000)
  object space 96256K, 34% used [0x00000000a0000000,0x00000000a202c0e8,0x00000000a5e00000)
 Metaspace       used 59442K, capacity 61444K, committed 61528K, reserved 1101824K
  class space    used 7871K, capacity 8317K, committed 8320K, reserved 1048576K
Event: 252.274 GC heap after
Heap after GC invocations=23 (full 3):
 PSYoungGen      total 103424K, used 5934K [0x00000000e0000000, 0x00000000e7700000, 0x0000000100000000)
  eden space 88064K, 0% used [0x00000000e0000000,0x00000000e0000000,0x00000000e5600000)
  from space 15360K, 38% used [0x00000000e6800000,0x00000000e6dcbbc8,0x00000000e7700000)
  to   space 16896K, 0% used [0x00000000e5600000,0x00000000e5600000,0x00000000e6680000)
 ParOldGen       total 96256K, used 32952K [0x00000000a0000000, 0x00000000a5e00000, 0x00000000e0000000)
  object space 96256K, 34% used [0x00000000a0000000,0x00000000a202e0e8,0x00000000a5e00000)
 Metaspace       used 59442K, capacity 61444K, committed 61528K, reserved 1101824K
  class space    used 7871K, capacity 8317K, committed 8320K, reserved 1048576K
}
Event: 314.976 GC heap before
{Heap before GC invocations=24 (full 3):
 PSYoungGen      total 103424K, used 93998K [0x00000000e0000000, 0x00000000e7700000, 0x0000000100000000)
  eden space 88064K, 100% used [0x00000000e0000000,0x00000000e5600000,0x00000000e5600000)
  from space 15360K, 38% used [0x00000000e6800000,0x00000000e6dcbbc8,0x00000000e7700000)
  to   space 16896K, 0% used [0x00000000e5600000,0x00000000e5600000,0x00000000e6680000)
 ParOldGen       total 96256K, used 32952K [0x00000000a0000000, 0x00000000a5e00000, 0x00000000e0000000)
  object space 96256K, 34% used [0x00000000a0000000,0x00000000a202e0e8,0x00000000a5e00000)
 Metaspace       used 61645K, capacity 63886K, committed 63960K, reserved 1103872K
  class space    used 8157K, capacity 8636K, committed 8704K, reserved 1048576K
Event: 315.149 GC heap after
Heap after GC invocations=24 (full 3):
 PSYoungGen      total 104960K, used 4653K [0x00000000e0000000, 0x00000000e8100000, 0x0000000100000000)
  eden space 88064K, 0% used [0x00000000e0000000,0x00000000e0000000,0x00000000e5600000)
  from space 16896K, 27% used [0x00000000e5600000,0x00000000e5a8b600,0x00000000e6680000)
  to   space 16896K, 0% used [0x00000000e7080000,0x00000000e7080000,0x00000000e8100000)
 ParOldGen       total 96256K, used 32960K [0x00000000a0000000, 0x00000000a5e00000, 0x00000000e0000000)
  object space 96256K, 34% used [0x00000000a0000000,0x00000000a20300e8,0x00000000a5e00000)
 Metaspace       used 61645K, capacity 63886K, committed 63960K, reserved 1103872K
  class space    used 8157K, capacity 8636K, committed 8704K, reserved 1048576K
}
Event: 392.840 GC heap before
{Heap before GC invocations=25 (full 3):
 PSYoungGen      total 104960K, used 92717K [0x00000000e0000000, 0x00000000e8100000, 0x0000000100000000)
  eden space 88064K, 100% used [0x00000000e0000000,0x00000000e5600000,0x00000000e5600000)
  from space 16896K, 27% used [0x00000000e5600000,0x00000000e5a8b600,0x00000000e6680000)
  to   space 16896K, 0% used [0x00000000e7080000,0x00000000e7080000,0x00000000e8100000)
 ParOldGen       total 96256K, used 32960K [0x00000000a0000000, 0x00000000a5e00000, 0x00000000e0000000)
  object space 96256K, 34% used [0x00000000a0000000,0x00000000a20300e8,0x00000000a5e00000)
 Metaspace       used 67013K, capacity 69576K, committed 69848K, reserved 1110016K
  class space    used 8824K, capacity 9385K, committed 9472K, reserved 1048576K
Event: 393.022 GC heap after
Heap after GC invocations=25 (full 3):
 PSYoungGen      total 113664K, used 14238K [0x00000000e0000000, 0x00000000e8300000, 0x0000000100000000)
  eden space 96768K, 0% used [0x00000000e0000000,0x00000000e0000000,0x00000000e5e80000)
  from space 16896K, 84% used [0x00000000e7080000,0x00000000e7e67af0,0x00000000e8100000)
  to   space 18432K, 0% used [0x00000000e5e80000,0x00000000e5e80000,0x00000000e7080000)
 ParOldGen       total 96256K, used 32968K [0x00000000a0000000, 0x00000000a5e00000, 0x00000000e0000000)
  object space 96256K, 34% used [0x00000000a0000000,0x00000000a20320e8,0x00000000a5e00000)
 Metaspace       used 67013K, capacity 69576K, committed 69848K, reserved 1110016K
  class space    used 8824K, capacity 9385K, committed 9472K, reserved 1048576K
}

