# JRE version: OpenJDK Runtime Environment (8.0_152-b02) (build 1.8.0_152-release-1024-b02)
# Java VM: OpenJDK 64-Bit Server VM (25.152-b02 mixed mode windows-amd64 compressed oops)
Heap:
 PSYoungGen      total 165376K, used 2820K [0x00000000e0000000, 0x00000000edc00000, 0x0000000100000000)
  eden space 148992K, 1% used [0x00000000e0000000,0x00000000e02c13f0,0x00000000e9180000)
  from space 16384K, 0% used [0x00000000e9180000,0x00000000e9180000,0x00000000ea180000)
  to   space 15360K, 0% used [0x00000000ecd00000,0x00000000ecd00000,0x00000000edc00000)
 ParOldGen       total 102400K, used 45226K [0x00000000a0000000, 0x00000000a6400000, 0x00000000e0000000)
  object space 102400K, 44% used [0x00000000a0000000,0x00000000a2c2a980,0x00000000a6400000)
 Metaspace       used 56877K, capacity 58942K, committed 59136K, reserved 1099776K
  class space    used 7792K, capacity 8336K, committed 8448K, reserved 1048576K
GC Heap History (10 events):
Event: 16.184 GC heap before
{Heap before GC invocations=14 (full 2):
 PSYoungGen      total 97280K, used 87552K [0x00000000e0000000, 0x00000000e8780000, 0x0000000100000000)
  eden space 87552K, 100% used [0x00000000e0000000,0x00000000e5580000,0x00000000e5580000)
  from space 9728K, 0% used [0x00000000e5580000,0x00000000e5580000,0x00000000e5f00000)
  to   space 9216K, 0% used [0x00000000e7e80000,0x00000000e7e80000,0x00000000e8780000)
 ParOldGen       total 55808K, used 17386K [0x00000000a0000000, 0x00000000a3680000, 0x00000000e0000000)
  object space 55808K, 31% used [0x00000000a0000000,0x00000000a10faa70,0x00000000a3680000)
 Metaspace       used 40531K, capacity 41478K, committed 41728K, reserved 1085440K
  class space    used 5533K, capacity 5842K, committed 5888K, reserved 1048576K
Event: 16.198 GC heap after
Heap after GC invocations=14 (full 2):
 PSYoungGen      total 123904K, used 9210K [0x00000000e0000000, 0x00000000e8780000, 0x0000000100000000)
  eden space 114688K, 0% used [0x00000000e0000000,0x00000000e0000000,0x00000000e7000000)
  from space 9216K, 99% used [0x00000000e7e80000,0x00000000e877ea48,0x00000000e8780000)
  to   space 10752K, 0% used [0x00000000e7280000,0x00000000e7280000,0x00000000e7d00000)
 ParOldGen       total 55808K, used 17679K [0x00000000a0000000, 0x00000000a3680000, 0x00000000e0000000)
  object space 55808K, 31% used [0x00000000a0000000,0x00000000a1143c18,0x00000000a3680000)
 Metaspace       used 40531K, capacity 41478K, committed 41728K, reserved 1085440K
  class space    used 5533K, capacity 5842K, committed 5888K, reserved 1048576K
}
Event: 20.021 GC heap before
{Heap before GC invocations=15 (full 2):
 PSYoungGen      total 123904K, used 123898K [0x00000000e0000000, 0x00000000e8780000, 0x0000000100000000)
  eden space 114688K, 100% used [0x00000000e0000000,0x00000000e7000000,0x00000000e7000000)
  from space 9216K, 99% used [0x00000000e7e80000,0x00000000e877ea48,0x00000000e8780000)
  to   space 10752K, 0% used [0x00000000e7280000,0x00000000e7280000,0x00000000e7d00000)
 ParOldGen       total 55808K, used 17679K [0x00000000a0000000, 0x00000000a3680000, 0x00000000e0000000)
  object space 55808K, 31% used [0x00000000a0000000,0x00000000a1143c18,0x00000000a3680000)
 Metaspace       used 51458K, capacity 53168K, committed 53376K, reserved 1095680K
  class space    used 7071K, capacity 7528K, committed 7552K, reserved 1048576K
Event: 20.081 GC heap after
Heap after GC invocations=15 (full 2):
 PSYoungGen      total 128000K, used 10734K [0x00000000e0000000, 0x00000000eb000000, 0x0000000100000000)
  eden space 117248K, 0% used [0x00000000e0000000,0x00000000e0000000,0x00000000e7280000)
  from space 10752K, 99% used [0x00000000e7280000,0x00000000e7cfb8f8,0x00000000e7d00000)
  to   space 14848K, 0% used [0x00000000ea180000,0x00000000ea180000,0x00000000eb000000)
 ParOldGen       total 55808K, used 24909K [0x00000000a0000000, 0x00000000a3680000, 0x00000000e0000000)
  object space 55808K, 44% used [0x00000000a0000000,0x00000000a1853710,0x00000000a3680000)
 Metaspace       used 51458K, capacity 53168K, committed 53376K, reserved 1095680K
  class space    used 7071K, capacity 7528K, committed 7552K, reserved 1048576K
}
Event: 22.608 GC heap before
{Heap before GC invocations=16 (full 2):
 PSYoungGen      total 128000K, used 127982K [0x00000000e0000000, 0x00000000eb000000, 0x0000000100000000)
  eden space 117248K, 100% used [0x00000000e0000000,0x00000000e7280000,0x00000000e7280000)
  from space 10752K, 99% used [0x00000000e7280000,0x00000000e7cfb8f8,0x00000000e7d00000)
  to   space 14848K, 0% used [0x00000000ea180000,0x00000000ea180000,0x00000000eb000000)
 ParOldGen       total 55808K, used 24909K [0x00000000a0000000, 0x00000000a3680000, 0x00000000e0000000)
  object space 55808K, 44% used [0x00000000a0000000,0x00000000a1853710,0x00000000a3680000)
 Metaspace       used 54382K, capacity 56184K, committed 56448K, reserved 1097728K
  class space    used 7501K, capacity 7960K, committed 8064K, reserved 1048576K
Event: 22.666 GC heap after
Heap after GC invocations=16 (full 2):
 PSYoungGen      total 163840K, used 13242K [0x00000000e0000000, 0x00000000eb880000, 0x0000000100000000)
  eden space 148992K, 0% used [0x00000000e0000000,0x00000000e0000000,0x00000000e9180000)
  from space 14848K, 89% used [0x00000000ea180000,0x00000000eae6eaf8,0x00000000eb000000)
  to   space 16384K, 0% used [0x00000000e9180000,0x00000000e9180000,0x00000000ea180000)
 ParOldGen       total 55808K, used 31169K [0x00000000a0000000, 0x00000000a3680000, 0x00000000e0000000)
  object space 55808K, 55% used [0x00000000a0000000,0x00000000a1e70558,0x00000000a3680000)
 Metaspace       used 54382K, capacity 56184K, committed 56448K, reserved 1097728K
  class space    used 7501K, capacity 7960K, committed 8064K, reserved 1048576K
}
Event: 26.552 GC heap before
{Heap before GC invocations=17 (full 2):
 PSYoungGen      total 163840K, used 112328K [0x00000000e0000000, 0x00000000eb880000, 0x0000000100000000)
  eden space 148992K, 66% used [0x00000000e0000000,0x00000000e60c37c8,0x00000000e9180000)
  from space 14848K, 89% used [0x00000000ea180000,0x00000000eae6eaf8,0x00000000eb000000)
  to   space 16384K, 0% used [0x00000000e9180000,0x00000000e9180000,0x00000000ea180000)
 ParOldGen       total 55808K, used 31169K [0x00000000a0000000, 0x00000000a3680000, 0x00000000e0000000)
  object space 55808K, 55% used [0x00000000a0000000,0x00000000a1e70558,0x00000000a3680000)
 Metaspace       used 56725K, capacity 58782K, committed 59008K, reserved 1099776K
  class space    used 7781K, capacity 8304K, committed 8320K, reserved 1048576K
Event: 26.582 GC heap after
Heap after GC invocations=17 (full 2):
 PSYoungGen      total 165376K, used 7550K [0x00000000e0000000, 0x00000000edc00000, 0x0000000100000000)
  eden space 148992K, 0% used [0x00000000e0000000,0x00000000e0000000,0x00000000e9180000)
  from space 16384K, 46% used [0x00000000e9180000,0x00000000e98dfa60,0x00000000ea180000)
  to   space 15360K, 0% used [0x00000000ecd00000,0x00000000ecd00000,0x00000000edc00000)
 ParOldGen       total 55808K, used 42603K [0x00000000a0000000, 0x00000000a3680000, 0x00000000e0000000)
  object space 55808K, 76% used [0x00000000a0000000,0x00000000a299ae08,0x00000000a3680000)
 Metaspace       used 56725K, capacity 58782K, committed 59008K, reserved 1099776K
  class space    used 7781K, capacity 8304K, committed 8320K, reserved 1048576K
}
Event: 26.582 GC heap before
{Heap before GC invocations=18 (full 3):
 PSYoungGen      total 165376K, used 7550K [0x00000000e0000000, 0x00000000edc00000, 0x0000000100000000)
  eden space 148992K, 0% used [0x00000000e0000000,0x00000000e0000000,0x00000000e9180000)
  from space 16384K, 46% used [0x00000000e9180000,0x00000000e98dfa60,0x00000000ea180000)
  to   space 15360K, 0% used [0x00000000ecd00000,0x00000000ecd00000,0x00000000edc00000)
 ParOldGen       total 55808K, used 42603K [0x00000000a0000000, 0x00000000a3680000, 0x00000000e0000000)
  object space 55808K, 76% used [0x00000000a0000000,0x00000000a299ae08,0x00000000a3680000)
 Metaspace       used 56725K, capacity 58782K, committed 59008K, reserved 1099776K
  class space    used 7781K, capacity 8304K, committed 8320K, reserved 1048576K
Event: 27.230 GC heap after
Heap after GC invocations=18 (full 3):
 PSYoungGen      total 165376K, used 0K [0x00000000e0000000, 0x00000000edc00000, 0x0000000100000000)
  eden space 148992K, 0% used [0x00000000e0000000,0x00000000e0000000,0x00000000e9180000)
  from space 16384K, 0% used [0x00000000e9180000,0x00000000e9180000,0x00000000ea180000)
  to   space 15360K, 0% used [0x00000000ecd00000,0x00000000ecd00000,0x00000000edc00000)
 ParOldGen       total 102400K, used 45226K [0x00000000a0000000, 0x00000000a6400000, 0x00000000e0000000)
  object space 102400K, 44% used [0x00000000a0000000,0x00000000a2c2a980,0x00000000a6400000)
 Metaspace       used 56725K, capacity 58782K, committed 59008K, reserved 1099776K
  class space    used 7781K, capacity 8304K, committed 8320K, reserved 1048576K
}

