# JRE version: OpenJDK Runtime Environment (8.0_152-b02) (build 1.8.0_152-release-1024-b02)
# Java VM: OpenJDK 64-Bit Server VM (25.152-b02 mixed mode windows-amd64 compressed oops)
Heap:
 PSYoungGen      total 162816K, used 19174K [0x00000000e0000000, 0x00000000eb780000, 0x0000000100000000)
  eden space 137728K, 5% used [0x00000000e0000000,0x00000000e0718f38,0x00000000e8680000)
  from space 25088K, 47% used [0x00000000e8680000,0x00000000e9220968,0x00000000e9f00000)
  to   space 20480K, 0% used [0x00000000ea000000,0x00000000ea000000,0x00000000eb400000)
 ParOldGen       total 93184K, used 37561K [0x00000000a0000000, 0x00000000a5b00000, 0x00000000e0000000)
  object space 93184K, 40% used [0x00000000a0000000,0x00000000a24ae620,0x00000000a5b00000)
 Metaspace       used 71329K, capacity 73778K, committed 74072K, reserved 1114112K
  class space    used 9552K, capacity 10058K, committed 10112K, reserved 1048576K
GC Heap History (10 events):
Event: 37.983 GC heap before
{Heap before GC invocations=18 (full 3):
 PSYoungGen      total 132096K, used 11664K [0x00000000e0000000, 0x00000000eb400000, 0x0000000100000000)
  eden space 111104K, 0% used [0x00000000e0000000,0x00000000e0000000,0x00000000e6c80000)
  from space 20992K, 55% used [0x00000000e6c80000,0x00000000e77e4030,0x00000000e8100000)
  to   space 20480K, 0% used [0x00000000ea000000,0x00000000ea000000,0x00000000eb400000)
 ParOldGen       total 59392K, used 34345K [0x00000000a0000000, 0x00000000a3a00000, 0x00000000e0000000)
  object space 59392K, 57% used [0x00000000a0000000,0x00000000a218a6e8,0x00000000a3a00000)
 Metaspace       used 57291K, capacity 58972K, committed 59028K, reserved 1099776K
  class space    used 7728K, capacity 8189K, committed 8192K, reserved 1048576K
Event: 38.460 GC heap after
Heap after GC invocations=18 (full 3):
 PSYoungGen      total 132096K, used 0K [0x00000000e0000000, 0x00000000eb400000, 0x0000000100000000)
  eden space 111104K, 0% used [0x00000000e0000000,0x00000000e0000000,0x00000000e6c80000)
  from space 20992K, 0% used [0x00000000e6c80000,0x00000000e6c80000,0x00000000e8100000)
  to   space 20480K, 0% used [0x00000000ea000000,0x00000000ea000000,0x00000000eb400000)
 ParOldGen       total 93184K, used 33598K [0x00000000a0000000, 0x00000000a5b00000, 0x00000000e0000000)
  object space 93184K, 36% used [0x00000000a0000000,0x00000000a20cfa50,0x00000000a5b00000)
 Metaspace       used 57291K, capacity 58972K, committed 59028K, reserved 1099776K
  class space    used 7728K, capacity 8189K, committed 8192K, reserved 1048576K
}
Event: 46.126 GC heap before
{Heap before GC invocations=19 (full 3):
 PSYoungGen      total 132096K, used 111104K [0x00000000e0000000, 0x00000000eb400000, 0x0000000100000000)
  eden space 111104K, 100% used [0x00000000e0000000,0x00000000e6c80000,0x00000000e6c80000)
  from space 20992K, 0% used [0x00000000e6c80000,0x00000000e6c80000,0x00000000e8100000)
  to   space 20480K, 0% used [0x00000000ea000000,0x00000000ea000000,0x00000000eb400000)
 ParOldGen       total 93184K, used 33598K [0x00000000a0000000, 0x00000000a5b00000, 0x00000000e0000000)
  object space 93184K, 36% used [0x00000000a0000000,0x00000000a20cfa50,0x00000000a5b00000)
 Metaspace       used 66937K, capacity 69166K, committed 69336K, reserved 1110016K
  class space    used 8936K, capacity 9424K, committed 9472K, reserved 1048576K
Event: 46.152 GC heap after
Heap after GC invocations=19 (full 3):
 PSYoungGen      total 158208K, used 20460K [0x00000000e0000000, 0x00000000eb780000, 0x0000000100000000)
  eden space 137728K, 0% used [0x00000000e0000000,0x00000000e0000000,0x00000000e8680000)
  from space 20480K, 99% used [0x00000000ea000000,0x00000000eb3fb340,0x00000000eb400000)
  to   space 25088K, 0% used [0x00000000e8680000,0x00000000e8680000,0x00000000e9f00000)
 ParOldGen       total 93184K, used 37529K [0x00000000a0000000, 0x00000000a5b00000, 0x00000000e0000000)
  object space 93184K, 40% used [0x00000000a0000000,0x00000000a24a6620,0x00000000a5b00000)
 Metaspace       used 66937K, capacity 69166K, committed 69336K, reserved 1110016K
  class space    used 8936K, capacity 9424K, committed 9472K, reserved 1048576K
}
Event: 49.206 GC heap before
{Heap before GC invocations=20 (full 3):
 PSYoungGen      total 158208K, used 155799K [0x00000000e0000000, 0x00000000eb780000, 0x0000000100000000)
  eden space 137728K, 98% used [0x00000000e0000000,0x00000000e842a9c0,0x00000000e8680000)
  from space 20480K, 99% used [0x00000000ea000000,0x00000000eb3fb340,0x00000000eb400000)
  to   space 25088K, 0% used [0x00000000e8680000,0x00000000e8680000,0x00000000e9f00000)
 ParOldGen       total 93184K, used 37529K [0x00000000a0000000, 0x00000000a5b00000, 0x00000000e0000000)
  object space 93184K, 40% used [0x00000000a0000000,0x00000000a24a6620,0x00000000a5b00000)
 Metaspace       used 70191K, capacity 72664K, committed 72920K, reserved 1112064K
  class space    used 9346K, capacity 9883K, committed 9984K, reserved 1048576K
Event: 49.253 GC heap after
Heap after GC invocations=20 (full 3):
 PSYoungGen      total 162816K, used 16548K [0x00000000e0000000, 0x00000000eb780000, 0x0000000100000000)
  eden space 137728K, 0% used [0x00000000e0000000,0x00000000e0000000,0x00000000e8680000)
  from space 25088K, 65% used [0x00000000e8680000,0x00000000e96a93d8,0x00000000e9f00000)
  to   space 20480K, 0% used [0x00000000ea000000,0x00000000ea000000,0x00000000eb400000)
 ParOldGen       total 93184K, used 37537K [0x00000000a0000000, 0x00000000a5b00000, 0x00000000e0000000)
  object space 93184K, 40% used [0x00000000a0000000,0x00000000a24a8620,0x00000000a5b00000)
 Metaspace       used 70191K, capacity 72664K, committed 72920K, reserved 1112064K
  class space    used 9346K, capacity 9883K, committed 9984K, reserved 1048576K
}
Event: 50.423 GC heap before
{Heap before GC invocations=21 (full 3):
 PSYoungGen      total 162816K, used 154177K [0x00000000e0000000, 0x00000000eb780000, 0x0000000100000000)
  eden space 137728K, 99% used [0x00000000e0000000,0x00000000e8667340,0x00000000e8680000)
  from space 25088K, 65% used [0x00000000e8680000,0x00000000e96a93d8,0x00000000e9f00000)
  to   space 20480K, 0% used [0x00000000ea000000,0x00000000ea000000,0x00000000eb400000)
 ParOldGen       total 93184K, used 37537K [0x00000000a0000000, 0x00000000a5b00000, 0x00000000e0000000)
  object space 93184K, 40% used [0x00000000a0000000,0x00000000a24a8620,0x00000000a5b00000)
 Metaspace       used 70482K, capacity 73014K, committed 73176K, reserved 1112064K
  class space    used 9390K, capacity 9906K, committed 9984K, reserved 1048576K
Event: 50.437 GC heap after
Heap after GC invocations=21 (full 3):
 PSYoungGen      total 158208K, used 15311K [0x00000000e0000000, 0x00000000eb780000, 0x0000000100000000)
  eden space 137728K, 0% used [0x00000000e0000000,0x00000000e0000000,0x00000000e8680000)
  from space 20480K, 74% used [0x00000000ea000000,0x00000000eaef3c30,0x00000000eb400000)
  to   space 25088K, 0% used [0x00000000e8680000,0x00000000e8680000,0x00000000e9f00000)
 ParOldGen       total 93184K, used 37553K [0x00000000a0000000, 0x00000000a5b00000, 0x00000000e0000000)
  object space 93184K, 40% used [0x00000000a0000000,0x00000000a24ac620,0x00000000a5b00000)
 Metaspace       used 70482K, capacity 73014K, committed 73176K, reserved 1112064K
  class space    used 9390K, capacity 9906K, committed 9984K, reserved 1048576K
}
Event: 51.009 GC heap before
{Heap before GC invocations=22 (full 3):
 PSYoungGen      total 158208K, used 153039K [0x00000000e0000000, 0x00000000eb780000, 0x0000000100000000)
  eden space 137728K, 100% used [0x00000000e0000000,0x00000000e8680000,0x00000000e8680000)
  from space 20480K, 74% used [0x00000000ea000000,0x00000000eaef3c30,0x00000000eb400000)
  to   space 25088K, 0% used [0x00000000e8680000,0x00000000e8680000,0x00000000e9f00000)
 ParOldGen       total 93184K, used 37553K [0x00000000a0000000, 0x00000000a5b00000, 0x00000000e0000000)
  object space 93184K, 40% used [0x00000000a0000000,0x00000000a24ac620,0x00000000a5b00000)
 Metaspace       used 70948K, capacity 73482K, committed 73816K, reserved 1114112K
  class space    used 9486K, capacity 10014K, committed 10112K, reserved 1048576K
Event: 51.042 GC heap after
Heap after GC invocations=22 (full 3):
 PSYoungGen      total 162816K, used 11906K [0x00000000e0000000, 0x00000000eb780000, 0x0000000100000000)
  eden space 137728K, 0% used [0x00000000e0000000,0x00000000e0000000,0x00000000e8680000)
  from space 25088K, 47% used [0x00000000e8680000,0x00000000e9220968,0x00000000e9f00000)
  to   space 20480K, 0% used [0x00000000ea000000,0x00000000ea000000,0x00000000eb400000)
 ParOldGen       total 93184K, used 37561K [0x00000000a0000000, 0x00000000a5b00000, 0x00000000e0000000)
  object space 93184K, 40% used [0x00000000a0000000,0x00000000a24ae620,0x00000000a5b00000)
 Metaspace       used 70948K, capacity 73482K, committed 73816K, reserved 1114112K
  class space    used 9486K, capacity 10014K, committed 10112K, reserved 1048576K
}

