# JRE version: OpenJDK Runtime Environment (8.0_152-b02) (build 1.8.0_152-release-1024-b02)
# Java VM: OpenJDK 64-Bit Server VM (25.152-b02 mixed mode windows-amd64 compressed oops)
Heap:
 PSYoungGen      total 135680K, used 28057K [0x00000000e0000000, 0x00000000ebe00000, 0x0000000100000000)
  eden space 123392K, 12% used [0x00000000e0000000,0x00000000e0f69fe8,0x00000000e7880000)
  from space 12288K, 99% used [0x00000000e7880000,0x00000000e847c7d0,0x00000000e8480000)
  to   space 14336K, 0% used [0x00000000eb000000,0x00000000eb000000,0x00000000ebe00000)
 ParOldGen       total 58368K, used 17730K [0x00000000a0000000, 0x00000000a3900000, 0x00000000e0000000)
  object space 58368K, 30% used [0x00000000a0000000,0x00000000a1150b90,0x00000000a3900000)
 Metaspace       used 44852K, capacity 46078K, committed 46336K, reserved 1089536K
  class space    used 6179K, capacity 6537K, committed 6656K, reserved 1048576K
GC Heap History (10 events):
Event: 8.832 GC heap before
{Heap before GC invocations=9 (full 1):
 PSYoungGen      total 72192K, used 64512K [0x00000000e0000000, 0x00000000e8d00000, 0x0000000100000000)
  eden space 64512K, 100% used [0x00000000e0000000,0x00000000e3f00000,0x00000000e3f00000)
  from space 7680K, 0% used [0x00000000e3f00000,0x00000000e3f00000,0x00000000e4680000)
  to   space 7680K, 0% used [0x00000000e8580000,0x00000000e8580000,0x00000000e8d00000)
 ParOldGen       total 37888K, used 8361K [0x00000000a0000000, 0x00000000a2500000, 0x00000000e0000000)
  object space 37888K, 22% used [0x00000000a0000000,0x00000000a082a7a8,0x00000000a2500000)
 Metaspace       used 26050K, capacity 26598K, committed 26880K, reserved 1073152K
  class space    used 3613K, capacity 3739K, committed 3840K, reserved 1048576K
Event: 8.846 GC heap after
Heap after GC invocations=9 (full 1):
 PSYoungGen      total 98816K, used 6755K [0x00000000e0000000, 0x00000000e8c80000, 0x0000000100000000)
  eden space 91648K, 0% used [0x00000000e0000000,0x00000000e0000000,0x00000000e5980000)
  from space 7168K, 94% used [0x00000000e8580000,0x00000000e8c18e00,0x00000000e8c80000)
  to   space 8192K, 0% used [0x00000000e7c80000,0x00000000e7c80000,0x00000000e8480000)
 ParOldGen       total 37888K, used 8369K [0x00000000a0000000, 0x00000000a2500000, 0x00000000e0000000)
  object space 37888K, 22% used [0x00000000a0000000,0x00000000a082c7a8,0x00000000a2500000)
 Metaspace       used 26050K, capacity 26598K, committed 26880K, reserved 1073152K
  class space    used 3613K, capacity 3739K, committed 3840K, reserved 1048576K
}
Event: 16.388 GC heap before
{Heap before GC invocations=10 (full 1):
 PSYoungGen      total 98816K, used 98403K [0x00000000e0000000, 0x00000000e8c80000, 0x0000000100000000)
  eden space 91648K, 100% used [0x00000000e0000000,0x00000000e5980000,0x00000000e5980000)
  from space 7168K, 94% used [0x00000000e8580000,0x00000000e8c18e00,0x00000000e8c80000)
  to   space 8192K, 0% used [0x00000000e7c80000,0x00000000e7c80000,0x00000000e8480000)
 ParOldGen       total 37888K, used 8369K [0x00000000a0000000, 0x00000000a2500000, 0x00000000e0000000)
  object space 37888K, 22% used [0x00000000a0000000,0x00000000a082c7a8,0x00000000a2500000)
 Metaspace       used 32689K, capacity 33472K, committed 33536K, reserved 1077248K
  class space    used 4573K, capacity 4844K, committed 4864K, reserved 1048576K
Event: 16.413 GC heap after
Heap after GC invocations=10 (full 1):
 PSYoungGen      total 120320K, used 8192K [0x00000000e0000000, 0x00000000e8600000, 0x0000000100000000)
  eden space 112128K, 0% used [0x00000000e0000000,0x00000000e0000000,0x00000000e6d80000)
  from space 8192K, 100% used [0x00000000e7c80000,0x00000000e8480000,0x00000000e8480000)
  to   space 1536K, 0% used [0x00000000e8480000,0x00000000e8480000,0x00000000e8600000)
 ParOldGen       total 37888K, used 13440K [0x00000000a0000000, 0x00000000a2500000, 0x00000000e0000000)
  object space 37888K, 35% used [0x00000000a0000000,0x00000000a0d202f0,0x00000000a2500000)
 Metaspace       used 32689K, capacity 33472K, committed 33536K, reserved 1077248K
  class space    used 4573K, capacity 4844K, committed 4864K, reserved 1048576K
}
Event: 16.631 GC heap before
{Heap before GC invocations=11 (full 1):
 PSYoungGen      total 120320K, used 16050K [0x00000000e0000000, 0x00000000e8600000, 0x0000000100000000)
  eden space 112128K, 7% used [0x00000000e0000000,0x00000000e07acb20,0x00000000e6d80000)
  from space 8192K, 100% used [0x00000000e7c80000,0x00000000e8480000,0x00000000e8480000)
  to   space 1536K, 0% used [0x00000000e8480000,0x00000000e8480000,0x00000000e8600000)
 ParOldGen       total 37888K, used 13440K [0x00000000a0000000, 0x00000000a2500000, 0x00000000e0000000)
  object space 37888K, 35% used [0x00000000a0000000,0x00000000a0d202f0,0x00000000a2500000)
 Metaspace       used 34548K, capacity 35312K, committed 35416K, reserved 1079296K
  class space    used 4820K, capacity 5095K, committed 5120K, reserved 1048576K
Event: 16.656 GC heap after
Heap after GC invocations=11 (full 1):
 PSYoungGen      total 124928K, used 1536K [0x00000000e0000000, 0x00000000eac80000, 0x0000000100000000)
  eden space 123392K, 0% used [0x00000000e0000000,0x00000000e0000000,0x00000000e7880000)
  from space 1536K, 100% used [0x00000000e8480000,0x00000000e8600000,0x00000000e8600000)
  to   space 12288K, 0% used [0x00000000e7880000,0x00000000e7880000,0x00000000e8480000)
 ParOldGen       total 37888K, used 20989K [0x00000000a0000000, 0x00000000a2500000, 0x00000000e0000000)
  object space 37888K, 55% used [0x00000000a0000000,0x00000000a147f548,0x00000000a2500000)
 Metaspace       used 34548K, capacity 35312K, committed 35416K, reserved 1079296K
  class space    used 4820K, capacity 5095K, committed 5120K, reserved 1048576K
}
Event: 16.656 GC heap before
{Heap before GC invocations=12 (full 2):
 PSYoungGen      total 124928K, used 1536K [0x00000000e0000000, 0x00000000eac80000, 0x0000000100000000)
  eden space 123392K, 0% used [0x00000000e0000000,0x00000000e0000000,0x00000000e7880000)
  from space 1536K, 100% used [0x00000000e8480000,0x00000000e8600000,0x00000000e8600000)
  to   space 12288K, 0% used [0x00000000e7880000,0x00000000e7880000,0x00000000e8480000)
 ParOldGen       total 37888K, used 20989K [0x00000000a0000000, 0x00000000a2500000, 0x00000000e0000000)
  object space 37888K, 55% used [0x00000000a0000000,0x00000000a147f548,0x00000000a2500000)
 Metaspace       used 34548K, capacity 35312K, committed 35416K, reserved 1079296K
  class space    used 4820K, capacity 5095K, committed 5120K, reserved 1048576K
Event: 16.811 GC heap after
Heap after GC invocations=12 (full 2):
 PSYoungGen      total 124928K, used 0K [0x00000000e0000000, 0x00000000eac80000, 0x0000000100000000)
  eden space 123392K, 0% used [0x00000000e0000000,0x00000000e0000000,0x00000000e7880000)
  from space 1536K, 0% used [0x00000000e8480000,0x00000000e8480000,0x00000000e8600000)
  to   space 12288K, 0% used [0x00000000e7880000,0x00000000e7880000,0x00000000e8480000)
 ParOldGen       total 58368K, used 15875K [0x00000000a0000000, 0x00000000a3900000, 0x00000000e0000000)
  object space 58368K, 27% used [0x00000000a0000000,0x00000000a0f80dd8,0x00000000a3900000)
 Metaspace       used 34548K, capacity 35312K, committed 35416K, reserved 1079296K
  class space    used 4820K, capacity 5095K, committed 5120K, reserved 1048576K
}
Event: 21.937 GC heap before
{Heap before GC invocations=13 (full 2):
 PSYoungGen      total 124928K, used 123392K [0x00000000e0000000, 0x00000000eac80000, 0x0000000100000000)
  eden space 123392K, 100% used [0x00000000e0000000,0x00000000e7880000,0x00000000e7880000)
  from space 1536K, 0% used [0x00000000e8480000,0x00000000e8480000,0x00000000e8600000)
  to   space 12288K, 0% used [0x00000000e7880000,0x00000000e7880000,0x00000000e8480000)
 ParOldGen       total 58368K, used 15875K [0x00000000a0000000, 0x00000000a3900000, 0x00000000e0000000)
  object space 58368K, 27% used [0x00000000a0000000,0x00000000a0f80dd8,0x00000000a3900000)
 Metaspace       used 43251K, capacity 44370K, committed 44672K, reserved 1087488K
  class space    used 5943K, capacity 6263K, committed 6272K, reserved 1048576K
Event: 21.961 GC heap after
Heap after GC invocations=13 (full 2):
 PSYoungGen      total 135680K, used 12273K [0x00000000e0000000, 0x00000000ebe00000, 0x0000000100000000)
  eden space 123392K, 0% used [0x00000000e0000000,0x00000000e0000000,0x00000000e7880000)
  from space 12288K, 99% used [0x00000000e7880000,0x00000000e847c7d0,0x00000000e8480000)
  to   space 14336K, 0% used [0x00000000eb000000,0x00000000eb000000,0x00000000ebe00000)
 ParOldGen       total 58368K, used 17730K [0x00000000a0000000, 0x00000000a3900000, 0x00000000e0000000)
  object space 58368K, 30% used [0x00000000a0000000,0x00000000a1150b90,0x00000000a3900000)
 Metaspace       used 43251K, capacity 44370K, committed 44672K, reserved 1087488K
  class space    used 5943K, capacity 6263K, committed 6272K, reserved 1048576K
}

