# JRE version: OpenJDK Runtime Environment (8.0_152-b02) (build 1.8.0_152-release-1024-b02)
# Java VM: OpenJDK 64-Bit Server VM (25.152-b02 mixed mode windows-amd64 compressed oops)
Heap:
 PSYoungGen      total 185856K, used 6394K [0x00000000e0000000, 0x00000000f0180000, 0x0000000100000000)
  eden space 165376K, 3% used [0x00000000e0000000,0x00000000e063ea10,0x00000000ea180000)
  from space 20480K, 0% used [0x00000000ea180000,0x00000000ea180000,0x00000000eb580000)
  to   space 20480K, 0% used [0x00000000eed80000,0x00000000eed80000,0x00000000f0180000)
 ParOldGen       total 106496K, used 45329K [0x00000000a0000000, 0x00000000a6800000, 0x00000000e0000000)
  object space 106496K, 42% used [0x00000000a0000000,0x00000000a2c447a8,0x00000000a6800000)
 Metaspace       used 57861K, capacity 60020K, committed 60160K, reserved 1101824K
  class space    used 7856K, capacity 8399K, committed 8448K, reserved 1048576K
GC Heap History (10 events):
Event: 15.187 GC heap before
{Heap before GC invocations=12 (full 2):
 PSYoungGen      total 135168K, used 126464K [0x00000000e0000000, 0x00000000e9a80000, 0x0000000100000000)
  eden space 126464K, 100% used [0x00000000e0000000,0x00000000e7b80000,0x00000000e7b80000)
  from space 8704K, 0% used [0x00000000e7b80000,0x00000000e7b80000,0x00000000e8400000)
  to   space 11776K, 0% used [0x00000000e8f00000,0x00000000e8f00000,0x00000000e9a80000)
 ParOldGen       total 61952K, used 20744K [0x00000000a0000000, 0x00000000a3c80000, 0x00000000e0000000)
  object space 61952K, 33% used [0x00000000a0000000,0x00000000a1442238,0x00000000a3c80000)
 Metaspace       used 43238K, capacity 44302K, committed 44544K, reserved 1087488K
  class space    used 5952K, capacity 6327K, committed 6400K, reserved 1048576K
Event: 15.218 GC heap after
Heap after GC invocations=12 (full 2):
 PSYoungGen      total 143872K, used 11757K [0x00000000e0000000, 0x00000000eb900000, 0x0000000100000000)
  eden space 132096K, 0% used [0x00000000e0000000,0x00000000e0000000,0x00000000e8100000)
  from space 11776K, 99% used [0x00000000e8f00000,0x00000000e9a7b508,0x00000000e9a80000)
  to   space 14336K, 0% used [0x00000000e8100000,0x00000000e8100000,0x00000000e8f00000)
 ParOldGen       total 61952K, used 23037K [0x00000000a0000000, 0x00000000a3c80000, 0x00000000e0000000)
  object space 61952K, 37% used [0x00000000a0000000,0x00000000a167f660,0x00000000a3c80000)
 Metaspace       used 43238K, capacity 44302K, committed 44544K, reserved 1087488K
  class space    used 5952K, capacity 6327K, committed 6400K, reserved 1048576K
}
Event: 18.653 GC heap before
{Heap before GC invocations=13 (full 2):
 PSYoungGen      total 143872K, used 143853K [0x00000000e0000000, 0x00000000eb900000, 0x0000000100000000)
  eden space 132096K, 100% used [0x00000000e0000000,0x00000000e8100000,0x00000000e8100000)
  from space 11776K, 99% used [0x00000000e8f00000,0x00000000e9a7b508,0x00000000e9a80000)
  to   space 14336K, 0% used [0x00000000e8100000,0x00000000e8100000,0x00000000e8f00000)
 ParOldGen       total 61952K, used 23037K [0x00000000a0000000, 0x00000000a3c80000, 0x00000000e0000000)
  object space 61952K, 37% used [0x00000000a0000000,0x00000000a167f660,0x00000000a3c80000)
 Metaspace       used 54053K, capacity 55784K, committed 55808K, reserved 1097728K
  class space    used 7468K, capacity 7928K, committed 7936K, reserved 1048576K
Event: 18.710 GC heap after
Heap after GC invocations=13 (full 2):
 PSYoungGen      total 146432K, used 13756K [0x00000000e0000000, 0x00000000ec580000, 0x0000000100000000)
  eden space 132096K, 0% used [0x00000000e0000000,0x00000000e0000000,0x00000000e8100000)
  from space 14336K, 95% used [0x00000000e8100000,0x00000000e8e6f380,0x00000000e8f00000)
  to   space 16384K, 0% used [0x00000000eb580000,0x00000000eb580000,0x00000000ec580000)
 ParOldGen       total 61952K, used 30973K [0x00000000a0000000, 0x00000000a3c80000, 0x00000000e0000000)
  object space 61952K, 49% used [0x00000000a0000000,0x00000000a1e3f5c8,0x00000000a3c80000)
 Metaspace       used 54053K, capacity 55784K, committed 55808K, reserved 1097728K
  class space    used 7468K, capacity 7928K, committed 7936K, reserved 1048576K
}
Event: 22.000 GC heap before
{Heap before GC invocations=14 (full 2):
 PSYoungGen      total 146432K, used 145852K [0x00000000e0000000, 0x00000000ec580000, 0x0000000100000000)
  eden space 132096K, 100% used [0x00000000e0000000,0x00000000e8100000,0x00000000e8100000)
  from space 14336K, 95% used [0x00000000e8100000,0x00000000e8e6f380,0x00000000e8f00000)
  to   space 16384K, 0% used [0x00000000eb580000,0x00000000eb580000,0x00000000ec580000)
 ParOldGen       total 61952K, used 30973K [0x00000000a0000000, 0x00000000a3c80000, 0x00000000e0000000)
  object space 61952K, 49% used [0x00000000a0000000,0x00000000a1e3f5c8,0x00000000a3c80000)
 Metaspace       used 55791K, capacity 57620K, committed 57856K, reserved 1099776K
  class space    used 7666K, capacity 8147K, committed 8192K, reserved 1048576K
Event: 22.032 GC heap after
Heap after GC invocations=14 (full 2):
 PSYoungGen      total 181760K, used 16352K [0x00000000e0000000, 0x00000000ecc00000, 0x0000000100000000)
  eden space 165376K, 0% used [0x00000000e0000000,0x00000000e0000000,0x00000000ea180000)
  from space 16384K, 99% used [0x00000000eb580000,0x00000000ec578230,0x00000000ec580000)
  to   space 20480K, 0% used [0x00000000ea180000,0x00000000ea180000,0x00000000eb580000)
 ParOldGen       total 61952K, used 36119K [0x00000000a0000000, 0x00000000a3c80000, 0x00000000e0000000)
  object space 61952K, 58% used [0x00000000a0000000,0x00000000a2345f78,0x00000000a3c80000)
 Metaspace       used 55791K, capacity 57620K, committed 57856K, reserved 1099776K
  class space    used 7666K, capacity 8147K, committed 8192K, reserved 1048576K
}
Event: 22.830 GC heap before
{Heap before GC invocations=15 (full 2):
 PSYoungGen      total 181760K, used 44709K [0x00000000e0000000, 0x00000000ecc00000, 0x0000000100000000)
  eden space 165376K, 17% used [0x00000000e0000000,0x00000000e1bb1570,0x00000000ea180000)
  from space 16384K, 99% used [0x00000000eb580000,0x00000000ec578230,0x00000000ec580000)
  to   space 20480K, 0% used [0x00000000ea180000,0x00000000ea180000,0x00000000eb580000)
 ParOldGen       total 61952K, used 36119K [0x00000000a0000000, 0x00000000a3c80000, 0x00000000e0000000)
  object space 61952K, 58% used [0x00000000a0000000,0x00000000a2345f78,0x00000000a3c80000)
 Metaspace       used 56731K, capacity 58900K, committed 59008K, reserved 1099776K
  class space    used 7781K, capacity 8303K, committed 8320K, reserved 1048576K
Event: 22.867 GC heap after
Heap after GC invocations=15 (full 2):
 PSYoungGen      total 185856K, used 1450K [0x00000000e0000000, 0x00000000f0180000, 0x0000000100000000)
  eden space 165376K, 0% used [0x00000000e0000000,0x00000000e0000000,0x00000000ea180000)
  from space 20480K, 7% used [0x00000000ea180000,0x00000000ea2eabc0,0x00000000eb580000)
  to   space 20480K, 0% used [0x00000000eed80000,0x00000000eed80000,0x00000000f0180000)
 ParOldGen       total 61952K, used 52461K [0x00000000a0000000, 0x00000000a3c80000, 0x00000000e0000000)
  object space 61952K, 84% used [0x00000000a0000000,0x00000000a333b620,0x00000000a3c80000)
 Metaspace       used 56731K, capacity 58900K, committed 59008K, reserved 1099776K
  class space    used 7781K, capacity 8303K, committed 8320K, reserved 1048576K
}
Event: 22.867 GC heap before
{Heap before GC invocations=16 (full 3):
 PSYoungGen      total 185856K, used 1450K [0x00000000e0000000, 0x00000000f0180000, 0x0000000100000000)
  eden space 165376K, 0% used [0x00000000e0000000,0x00000000e0000000,0x00000000ea180000)
  from space 20480K, 7% used [0x00000000ea180000,0x00000000ea2eabc0,0x00000000eb580000)
  to   space 20480K, 0% used [0x00000000eed80000,0x00000000eed80000,0x00000000f0180000)
 ParOldGen       total 61952K, used 52461K [0x00000000a0000000, 0x00000000a3c80000, 0x00000000e0000000)
  object space 61952K, 84% used [0x00000000a0000000,0x00000000a333b620,0x00000000a3c80000)
 Metaspace       used 56731K, capacity 58900K, committed 59008K, reserved 1099776K
  class space    used 7781K, capacity 8303K, committed 8320K, reserved 1048576K
Event: 23.509 GC heap after
Heap after GC invocations=16 (full 3):
 PSYoungGen      total 185856K, used 0K [0x00000000e0000000, 0x00000000f0180000, 0x0000000100000000)
  eden space 165376K, 0% used [0x00000000e0000000,0x00000000e0000000,0x00000000ea180000)
  from space 20480K, 0% used [0x00000000ea180000,0x00000000ea180000,0x00000000eb580000)
  to   space 20480K, 0% used [0x00000000eed80000,0x00000000eed80000,0x00000000f0180000)
 ParOldGen       total 106496K, used 45329K [0x00000000a0000000, 0x00000000a6800000, 0x00000000e0000000)
  object space 106496K, 42% used [0x00000000a0000000,0x00000000a2c447a8,0x00000000a6800000)
 Metaspace       used 56731K, capacity 58900K, committed 59008K, reserved 1099776K
  class space    used 7781K, capacity 8303K, committed 8320K, reserved 1048576K
}

